<?xml version="1.0" encoding="UTF-8"?>
<!-- Generated by org.testng.reporters.JUnitReportReporter -->
<testsuite skipped="0" hostname="DESKTOP-2ED4479" name="com.zoopla.tests.AgentPageTest" tests="1" failures="0" timestamp="30 Jun 2019 07:31:00 GMT" time="118.330" errors="0">
  <testcase name="verifyAgentNameTest" time="118.330" classname="com.zoopla.tests.AgentPageTest"/>
</testsuite> <!-- com.zoopla.tests.AgentPageTest -->
