<?xml version="1.0" encoding="UTF-8"?>
<!-- Generated by org.testng.reporters.JUnitReportReporter -->
<testsuite skipped="0" hostname="DESKTOP-2ED4479" name="com.zoopla.tests.ForSalePageTest" tests="1" failures="0" timestamp="30 Jun 2019 18:57:54 GMT" time="57.330" errors="0">
  <testcase name="getAllPropertiesPriceReverseTest" time="57.330" classname="com.zoopla.tests.ForSalePageTest"/>
</testsuite> <!-- com.zoopla.tests.ForSalePageTest -->
