<?xml version="1.0" encoding="UTF-8"?>
<!-- Generated by org.testng.reporters.JUnitReportReporter -->
<testsuite skipped="0" hostname="DESKTOP-2ED4479" name="com.zoopla.tests.HomePageTest" tests="2" failures="0" timestamp="30 Jun 2019 18:57:53 GMT" time="137.829" errors="0">
  <testcase name="verifyForSalePageLocationTest" time="102.309" classname="com.zoopla.tests.HomePageTest"/>
  <testcase name="verifyhomePageTitleTest" time="35.520" classname="com.zoopla.tests.HomePageTest"/>
</testsuite> <!-- com.zoopla.tests.HomePageTest -->
