<?xml version="1.0" encoding="UTF-8"?>
<!-- Generated by org.testng.reporters.JUnitReportReporter -->
<testsuite skipped="0" hostname="DESKTOP-2ED4479" name="com.zoopla.tests.PropertyDtilPageTest" tests="1" failures="0" timestamp="30 Jun 2019 18:57:54 GMT" time="64.603" errors="0">
  <testcase name="getAgentdetailsTest" time="64.603" classname="com.zoopla.tests.PropertyDtilPageTest"/>
</testsuite> <!-- com.zoopla.tests.PropertyDtilPageTest -->
